2017-01-29 18:47:10,388 INFO:Listening...
2017-01-29 18:48:04,772 INFO:Listening...
2017-01-29 18:48:10,839 INFO:Listening...
2017-01-29 18:49:07,617 INFO:Listening...
2017-01-30 00:48:47,761 [INFO]: Listening...
2017-01-30 00:49:50,019 [INFO]: Listening...
2017-01-30 00:49:58,545 [INFO]: {'text': '/ping', 'message_id': 91, 'entities': [{'type': 'bot_command', 'length': 5, 'offset': 0}], 'from': {'first_name': 'Elnard', 'id': 32763474, 'username': 'elnardu'}, 'chat': {'type': 'private', 'first_name': 'Elnard', 'id': 32763474, 'username': 'elnardu'}, 'date': 1485715798}
2017-01-30 16:21:33,615 [INFO]: Listening...
2017-01-30 16:22:18,528 [INFO]: {'text': '/last', 'from': {'id': 32763474, 'first_name': 'Elnard', 'username': 'elnardu'}, 'entities': [{'type': 'bot_command', 'offset': 0, 'length': 5}], 'date': 1485771738, 'chat': {'id': 32763474, 'type': 'private', 'first_name': 'Elnard', 'username': 'elnardu'}, 'message_id': 132}
2017-01-30 16:22:59,788 [INFO]: Listening...
2017-01-30 16:23:07,868 [INFO]: {'message_id': 133, 'entities': [{'type': 'bot_command', 'offset': 0, 'length': 5}], 'date': 1485771787, 'text': '/last', 'from': {'first_name': 'Elnard', 'id': 32763474, 'username': 'elnardu'}, 'chat': {'type': 'private', 'first_name': 'Elnard', 'id': 32763474, 'username': 'elnardu'}}
2017-01-30 16:31:18,234 [INFO]: Listening...
2017-01-30 16:31:28,536 [INFO]: {'text': '/last', 'date': 1485772288, 'chat': {'type': 'private', 'username': 'elnardu', 'id': 32763474, 'first_name': 'Elnard'}, 'entities': [{'length': 5, 'type': 'bot_command', 'offset': 0}], 'message_id': 134, 'from': {'username': 'elnardu', 'id': 32763474, 'first_name': 'Elnard'}}
2017-01-30 16:52:40,424 [INFO]: Listening...
2017-01-30 16:53:42,735 [INFO]: {'text': '/last', 'date': 1485773622, 'chat': {'username': 'elnardu', 'id': 32763474, 'first_name': 'Elnard', 'type': 'private'}, 'entities': [{'offset': 0, 'type': 'bot_command', 'length': 5}], 'from': {'username': 'elnardu', 'id': 32763474, 'first_name': 'Elnard'}, 'message_id': 135}
2017-01-30 17:00:51,592 [INFO]: Listening...
2017-01-30 17:01:00,481 [INFO]: {'date': 1485774060, 'message_id': 136, 'from': {'username': 'elnardu', 'first_name': 'Elnard', 'id': 32763474}, 'text': '/last', 'entities': [{'type': 'bot_command', 'length': 5, 'offset': 0}], 'chat': {'type': 'private', 'username': 'elnardu', 'first_name': 'Elnard', 'id': 32763474}}
2017-01-30 17:01:30,054 [INFO]: Listening...
2017-01-30 17:01:59,635 [INFO]: {'message_id': 137, 'from': {'username': 'elnardu', 'first_name': 'Elnard', 'id': 32763474}, 'chat': {'username': 'elnardu', 'first_name': 'Elnard', 'type': 'private', 'id': 32763474}, 'text': '/last', 'date': 1485774119, 'entities': [{'offset': 0, 'type': 'bot_command', 'length': 5}]}
2017-01-30 17:06:11,138 [INFO]: Listening...
2017-01-30 17:06:20,682 [INFO]: {'text': '/last', 'chat': {'username': 'elnardu', 'id': 32763474, 'type': 'private', 'first_name': 'Elnard'}, 'from': {'username': 'elnardu', 'id': 32763474, 'first_name': 'Elnard'}, 'message_id': 138, 'date': 1485774380, 'entities': [{'type': 'bot_command', 'length': 5, 'offset': 0}]}
2017-01-30 17:08:05,849 [INFO]: Listening...
2017-01-30 17:08:13,521 [INFO]: {'date': 1485774493, 'entities': [{'type': 'bot_command', 'offset': 0, 'length': 5}], 'message_id': 139, 'text': '/last', 'chat': {'first_name': 'Elnard', 'username': 'elnardu', 'type': 'private', 'id': 32763474}, 'from': {'first_name': 'Elnard', 'username': 'elnardu', 'id': 32763474}}
2017-01-30 17:10:03,841 [INFO]: Listening...
2017-01-30 17:10:13,063 [INFO]: {'from': {'id': 32763474, 'first_name': 'Elnard', 'username': 'elnardu'}, 'date': 1485774612, 'chat': {'id': 32763474, 'first_name': 'Elnard', 'type': 'private', 'username': 'elnardu'}, 'message_id': 140, 'text': '/last', 'entities': [{'offset': 0, 'length': 5, 'type': 'bot_command'}]}
2017-01-30 17:12:06,403 [INFO]: Listening...
2017-01-30 17:12:19,676 [INFO]: Listening...
2017-01-30 17:12:32,888 [INFO]: {'from': {'username': 'elnardu', 'first_name': 'Elnard', 'id': 32763474}, 'entities': [{'type': 'bot_command', 'offset': 0, 'length': 5}], 'message_id': 141, 'text': '/last', 'chat': {'username': 'elnardu', 'type': 'private', 'first_name': 'Elnard', 'id': 32763474}, 'date': 1485774752}
2017-01-30 17:17:50,469 [INFO]: Listening...
2017-01-30 17:18:13,821 [INFO]: {'entities': [{'type': 'bot_command', 'offset': 0, 'length': 5}], 'from': {'id': 32763474, 'first_name': 'Elnard', 'username': 'elnardu'}, 'date': 1485775093, 'message_id': 142, 'text': '/last', 'chat': {'id': 32763474, 'type': 'private', 'first_name': 'Elnard', 'username': 'elnardu'}}
2017-01-30 17:19:36,291 [INFO]: Listening...
2017-01-30 17:19:42,499 [INFO]: {'entities': [{'length': 5, 'offset': 0, 'type': 'bot_command'}], 'text': '/last', 'message_id': 143, 'date': 1485775182, 'from': {'first_name': 'Elnard', 'id': 32763474, 'username': 'elnardu'}, 'chat': {'first_name': 'Elnard', 'id': 32763474, 'username': 'elnardu', 'type': 'private'}}
2017-01-30 17:20:47,685 [INFO]: {'entities': [{'length': 5, 'offset': 0, 'type': 'bot_command'}], 'text': '/last', 'message_id': 145, 'date': 1485775247, 'from': {'first_name': 'Elnard', 'id': 32763474, 'username': 'elnardu'}, 'chat': {'first_name': 'Elnard', 'id': 32763474, 'username': 'elnardu', 'type': 'private'}}
2017-01-30 17:21:22,584 [INFO]: Listening...
2017-01-30 17:25:32,925 [INFO]: {'from': {'id': 32763474, 'username': 'elnardu', 'first_name': 'Elnard'}, 'date': 1485775532, 'message_id': 147, 'chat': {'id': 32763474, 'username': 'elnardu', 'type': 'private', 'first_name': 'Elnard'}, 'entities': [{'offset': 0, 'type': 'bot_command', 'length': 5}], 'text': '/last'}
2017-01-30 17:27:31,686 [INFO]: {'from': {'id': 32763474, 'username': 'elnardu', 'first_name': 'Elnard'}, 'date': 1485775651, 'message_id': 149, 'chat': {'id': 32763474, 'username': 'elnardu', 'type': 'private', 'first_name': 'Elnard'}, 'entities': [{'offset': 0, 'type': 'bot_command', 'length': 5}], 'text': '/last'}
2017-01-30 17:34:31,381 [INFO]: {'from': {'id': 32763474, 'username': 'elnardu', 'first_name': 'Elnard'}, 'date': 1485776071, 'message_id': 151, 'chat': {'id': 32763474, 'username': 'elnardu', 'type': 'private', 'first_name': 'Elnard'}, 'entities': [{'offset': 0, 'type': 'bot_command', 'length': 5}], 'text': '/info'}
2017-01-30 17:35:25,371 [INFO]: Listening...
2017-01-30 17:40:32,325 [INFO]: {'chat': {'first_name': 'Elnard', 'id': 32763474, 'username': 'elnardu', 'type': 'private'}, 'message_id': 153, 'entities': [{'length': 5, 'offset': 0, 'type': 'bot_command'}], 'date': 1485776432, 'from': {'first_name': 'Elnard', 'id': 32763474, 'username': 'elnardu'}, 'text': '/last'}
2017-01-30 17:47:03,576 [INFO]: {'chat': {'first_name': 'Elnard', 'id': 32763474, 'username': 'elnardu', 'type': 'private'}, 'message_id': 155, 'entities': [{'length': 5, 'offset': 0, 'type': 'bot_command'}], 'date': 1485776823, 'from': {'first_name': 'Elnard', 'id': 32763474, 'username': 'elnardu'}, 'text': '/info'}
2017-01-30 17:48:37,214 [INFO]: {'chat': {'first_name': 'Elnard', 'id': 32763474, 'username': 'elnardu', 'type': 'private'}, 'message_id': 157, 'entities': [{'length': 5, 'offset': 0, 'type': 'bot_command'}], 'date': 1485776917, 'from': {'first_name': 'Elnard', 'id': 32763474, 'username': 'elnardu'}, 'text': '/last 10'}
2017-01-30 17:50:25,489 [INFO]: Listening...
2017-01-30 17:51:01,274 [INFO]: {'chat': {'first_name': 'Elnard', 'type': 'private', 'username': 'elnardu', 'id': 32763474}, 'text': '/last 10', 'date': 1485777061, 'from': {'first_name': 'Elnard', 'username': 'elnardu', 'id': 32763474}, 'entities': [{'offset': 0, 'type': 'bot_command', 'length': 5}], 'message_id': 158}
2017-01-30 17:51:11,879 [INFO]: {'chat': {'first_name': 'Elnard', 'type': 'private', 'username': 'elnardu', 'id': 32763474}, 'text': '/last 2', 'date': 1485777071, 'from': {'first_name': 'Elnard', 'username': 'elnardu', 'id': 32763474}, 'entities': [{'offset': 0, 'type': 'bot_command', 'length': 5}], 'message_id': 160}
2017-01-30 19:27:39,339 [INFO]: Listening...
2017-01-30 19:27:45,770 [INFO]: {'entities': [{'type': 'bot_command', 'offset': 0, 'length': 5}], 'chat': {'type': 'private', 'first_name': 'Elnard', 'username': 'elnardu', 'id': 32763474}, 'from': {'first_name': 'Elnard', 'username': 'elnardu', 'id': 32763474}, 'text': '/last', 'date': 1485782865, 'message_id': 162}
2017-01-30 19:28:09,703 [INFO]: {'entities': [{'type': 'bot_command', 'offset': 0, 'length': 6}], 'chat': {'type': 'private', 'first_name': 'Elnard', 'username': 'elnardu', 'id': 32763474}, 'from': {'first_name': 'Elnard', 'username': 'elnardu', 'id': 32763474}, 'text': '/start work', 'date': 1485782889, 'message_id': 164}
2017-01-30 19:28:10,250 [INFO]: Started new event. [work]
2017-01-30 19:28:15,711 [INFO]: {'entities': [{'type': 'bot_command', 'offset': 0, 'length': 5}], 'chat': {'type': 'private', 'first_name': 'Elnard', 'username': 'elnardu', 'id': 32763474}, 'from': {'first_name': 'Elnard', 'username': 'elnardu', 'id': 32763474}, 'text': '/last', 'date': 1485782895, 'message_id': 166}
2017-01-30 19:30:32,620 [INFO]: Listening...
2017-01-30 19:31:04,750 [INFO]: Listening...
2017-01-30 19:31:56,362 [INFO]: {'from': {'id': 32763474, 'username': 'elnardu', 'first_name': 'Elnard'}, 'entities': [{'length': 5, 'offset': 0, 'type': 'bot_command'}], 'date': 1485783116, 'message_id': 167, 'text': '/last', 'chat': {'id': 32763474, 'username': 'elnardu', 'type': 'private', 'first_name': 'Elnard'}}
2017-01-30 19:32:52,118 [INFO]: Listening...
2017-01-30 19:32:56,522 [INFO]: {'date': 1485783176, 'entities': [{'offset': 0, 'type': 'bot_command', 'length': 5}], 'from': {'first_name': 'Elnard', 'username': 'elnardu', 'id': 32763474}, 'text': '/last', 'chat': {'first_name': 'Elnard', 'type': 'private', 'username': 'elnardu', 'id': 32763474}, 'message_id': 169}
2017-01-30 19:33:49,011 [INFO]: Listening...
2017-01-30 19:33:53,820 [INFO]: {'date': 1485783233, 'entities': [{'offset': 0, 'length': 5, 'type': 'bot_command'}], 'from': {'id': 32763474, 'first_name': 'Elnard', 'username': 'elnardu'}, 'message_id': 171, 'chat': {'id': 32763474, 'type': 'private', 'first_name': 'Elnard', 'username': 'elnardu'}, 'text': '/last'}
2017-01-30 21:31:37,062 [INFO]: Listening...
2017-01-30 21:31:44,633 [INFO]: {'text': '/last', 'date': 1485790304, 'chat': {'id': 32763474, 'username': 'elnardu', 'type': 'private', 'first_name': 'Elnard'}, 'from': {'id': 32763474, 'username': 'elnardu', 'first_name': 'Elnard'}, 'entities': [{'length': 5, 'offset': 0, 'type': 'bot_command'}], 'message_id': 181}
2017-01-30 21:32:25,766 [INFO]: Listening...
2017-01-30 21:32:30,493 [INFO]: {'from': {'username': 'elnardu', 'id': 32763474, 'first_name': 'Elnard'}, 'entities': [{'length': 5, 'type': 'bot_command', 'offset': 0}], 'chat': {'username': 'elnardu', 'id': 32763474, 'first_name': 'Elnard', 'type': 'private'}, 'text': '/last', 'message_id': 183, 'date': 1485790349}
2017-01-30 21:38:20,250 [INFO]: Listening...
2017-01-30 21:39:14,704 [INFO]: Listening...
2017-01-30 21:39:21,403 [INFO]: {'message_id': 191, 'chat': {'type': 'private', 'id': 32763474, 'username': 'elnardu', 'first_name': 'Elnard'}, 'date': 1485790761, 'from': {'id': 32763474, 'username': 'elnardu', 'first_name': 'Elnard'}, 'text': 'Hi'}
2017-01-30 21:41:34,197 [INFO]: Listening...
2017-01-30 21:41:47,468 [INFO]: {'from': {'first_name': 'Elnard', 'username': 'elnardu', 'id': 32763474}, 'message_id': 192, 'chat': {'first_name': 'Elnard', 'username': 'elnardu', 'id': 32763474, 'type': 'private'}, 'date': 1485790907, 'entities': [{'length': 2, 'offset': 0, 'type': 'bot_command'}], 'text': '/e ls'}
2017-01-30 21:42:10,846 [INFO]: Listening...
2017-01-30 21:42:56,589 [INFO]: {'from': {'id': 32763474, 'username': 'elnardu', 'first_name': 'Elnard'}, 'message_id': 193, 'date': 1485790976, 'text': '/e ls', 'entities': [{'length': 2, 'type': 'bot_command', 'offset': 0}], 'chat': {'id': 32763474, 'type': 'private', 'username': 'elnardu', 'first_name': 'Elnard'}}
2017-01-30 21:43:44,399 [INFO]: Listening...
2017-01-30 21:43:51,852 [INFO]: {'date': 1485791031, 'chat': {'first_name': 'Elnard', 'id': 32763474, 'username': 'elnardu', 'type': 'private'}, 'entities': [{'offset': 0, 'length': 2, 'type': 'bot_command'}], 'message_id': 195, 'from': {'first_name': 'Elnard', 'id': 32763474, 'username': 'elnardu'}, 'text': '/e ls'}
2017-01-30 21:44:42,918 [INFO]: Listening...
2017-01-30 21:44:52,692 [INFO]: {'text': '/e ls', 'message_id': 197, 'entities': [{'length': 2, 'type': 'bot_command', 'offset': 0}], 'date': 1485791092, 'from': {'first_name': 'Elnard', 'id': 32763474, 'username': 'elnardu'}, 'chat': {'first_name': 'Elnard', 'id': 32763474, 'username': 'elnardu', 'type': 'private'}}
2017-01-30 21:45:07,568 [INFO]: {'text': '/e cat bot.log', 'message_id': 199, 'entities': [{'length': 2, 'type': 'bot_command', 'offset': 0}], 'date': 1485791107, 'from': {'first_name': 'Elnard', 'id': 32763474, 'username': 'elnardu'}, 'chat': {'first_name': 'Elnard', 'id': 32763474, 'username': 'elnardu', 'type': 'private'}}
2017-01-30 21:45:25,700 [INFO]: {'text': '/e tail bot.log', 'message_id': 200, 'entities': [{'length': 2, 'type': 'bot_command', 'offset': 0}], 'date': 1485791125, 'from': {'first_name': 'Elnard', 'id': 32763474, 'username': 'elnardu'}, 'chat': {'first_name': 'Elnard', 'id': 32763474, 'username': 'elnardu', 'type': 'private'}}
2017-01-30 21:45:53,165 [INFO]: {'text': '/e python3 -e 1+2', 'message_id': 202, 'entities': [{'length': 2, 'type': 'bot_command', 'offset': 0}], 'date': 1485791153, 'from': {'first_name': 'Elnard', 'id': 32763474, 'username': 'elnardu'}, 'chat': {'first_name': 'Elnard', 'id': 32763474, 'username': 'elnardu', 'type': 'private'}}
